ARM GAS  /tmp/cc58JS5j.s 			page 1


   1              		.syntax unified
   2              		.cpu cortex-m0
   3              		.fpu softvfp
   4              		.eabi_attribute 20, 1
   5              		.eabi_attribute 21, 1
   6              		.eabi_attribute 23, 3
   7              		.eabi_attribute 24, 1
   8              		.eabi_attribute 25, 1
   9              		.eabi_attribute 26, 1
  10              		.eabi_attribute 30, 2
  11              		.eabi_attribute 34, 0
  12              		.eabi_attribute 18, 4
  13              		.thumb
  14              		.syntax unified
  15              		.file	"stm32f0xx_hal_pcd_ex.c"
  16              		.text
  17              	.Ltext0:
  18              		.cfi_sections	.debug_frame
  19              		.section	.text.HAL_PCDEx_PMAConfig,"ax",%progbits
  20              		.align	2
  21              		.global	HAL_PCDEx_PMAConfig
  22              		.code	16
  23              		.thumb_func
  25              	HAL_PCDEx_PMAConfig:
  26              	.LFB40:
  27              		.file 1 "Drivers/STM32F0xx_HAL_Driver/Src/stm32f0xx_hal_pcd_ex.c"
   1:Drivers/STM32F0xx_HAL_Driver/Src/stm32f0xx_hal_pcd_ex.c **** /**
   2:Drivers/STM32F0xx_HAL_Driver/Src/stm32f0xx_hal_pcd_ex.c ****   ******************************************************************************
   3:Drivers/STM32F0xx_HAL_Driver/Src/stm32f0xx_hal_pcd_ex.c ****   * @file    stm32f0xx_hal_pcd_ex.c
   4:Drivers/STM32F0xx_HAL_Driver/Src/stm32f0xx_hal_pcd_ex.c ****   * @author  MCD Application Team
   5:Drivers/STM32F0xx_HAL_Driver/Src/stm32f0xx_hal_pcd_ex.c ****   * @brief   PCD Extended HAL module driver.
   6:Drivers/STM32F0xx_HAL_Driver/Src/stm32f0xx_hal_pcd_ex.c ****   *          This file provides firmware functions to manage the following
   7:Drivers/STM32F0xx_HAL_Driver/Src/stm32f0xx_hal_pcd_ex.c ****   *          functionalities of the USB Peripheral Controller:
   8:Drivers/STM32F0xx_HAL_Driver/Src/stm32f0xx_hal_pcd_ex.c ****   *           + Extended features functions
   9:Drivers/STM32F0xx_HAL_Driver/Src/stm32f0xx_hal_pcd_ex.c ****   *
  10:Drivers/STM32F0xx_HAL_Driver/Src/stm32f0xx_hal_pcd_ex.c ****   ******************************************************************************
  11:Drivers/STM32F0xx_HAL_Driver/Src/stm32f0xx_hal_pcd_ex.c ****   * @attention
  12:Drivers/STM32F0xx_HAL_Driver/Src/stm32f0xx_hal_pcd_ex.c ****   *
  13:Drivers/STM32F0xx_HAL_Driver/Src/stm32f0xx_hal_pcd_ex.c ****   * <h2><center>&copy; Copyright (c) 2016 STMicroelectronics.
  14:Drivers/STM32F0xx_HAL_Driver/Src/stm32f0xx_hal_pcd_ex.c ****   * All rights reserved.</center></h2>
  15:Drivers/STM32F0xx_HAL_Driver/Src/stm32f0xx_hal_pcd_ex.c ****   *
  16:Drivers/STM32F0xx_HAL_Driver/Src/stm32f0xx_hal_pcd_ex.c ****   * This software component is licensed by ST under BSD 3-Clause license,
  17:Drivers/STM32F0xx_HAL_Driver/Src/stm32f0xx_hal_pcd_ex.c ****   * the "License"; You may not use this file except in compliance with the
  18:Drivers/STM32F0xx_HAL_Driver/Src/stm32f0xx_hal_pcd_ex.c ****   * License. You may obtain a copy of the License at:
  19:Drivers/STM32F0xx_HAL_Driver/Src/stm32f0xx_hal_pcd_ex.c ****   *                        opensource.org/licenses/BSD-3-Clause
  20:Drivers/STM32F0xx_HAL_Driver/Src/stm32f0xx_hal_pcd_ex.c ****   *
  21:Drivers/STM32F0xx_HAL_Driver/Src/stm32f0xx_hal_pcd_ex.c ****   ******************************************************************************
  22:Drivers/STM32F0xx_HAL_Driver/Src/stm32f0xx_hal_pcd_ex.c ****   */
  23:Drivers/STM32F0xx_HAL_Driver/Src/stm32f0xx_hal_pcd_ex.c **** 
  24:Drivers/STM32F0xx_HAL_Driver/Src/stm32f0xx_hal_pcd_ex.c **** /* Includes ------------------------------------------------------------------*/
  25:Drivers/STM32F0xx_HAL_Driver/Src/stm32f0xx_hal_pcd_ex.c **** #include "stm32f0xx_hal.h"
  26:Drivers/STM32F0xx_HAL_Driver/Src/stm32f0xx_hal_pcd_ex.c **** 
  27:Drivers/STM32F0xx_HAL_Driver/Src/stm32f0xx_hal_pcd_ex.c **** /** @addtogroup STM32F0xx_HAL_Driver
  28:Drivers/STM32F0xx_HAL_Driver/Src/stm32f0xx_hal_pcd_ex.c ****   * @{
  29:Drivers/STM32F0xx_HAL_Driver/Src/stm32f0xx_hal_pcd_ex.c ****   */
  30:Drivers/STM32F0xx_HAL_Driver/Src/stm32f0xx_hal_pcd_ex.c **** 
  31:Drivers/STM32F0xx_HAL_Driver/Src/stm32f0xx_hal_pcd_ex.c **** /** @defgroup PCDEx PCDEx
ARM GAS  /tmp/cc58JS5j.s 			page 2


  32:Drivers/STM32F0xx_HAL_Driver/Src/stm32f0xx_hal_pcd_ex.c ****   * @brief PCD Extended HAL module driver
  33:Drivers/STM32F0xx_HAL_Driver/Src/stm32f0xx_hal_pcd_ex.c ****   * @{
  34:Drivers/STM32F0xx_HAL_Driver/Src/stm32f0xx_hal_pcd_ex.c ****   */
  35:Drivers/STM32F0xx_HAL_Driver/Src/stm32f0xx_hal_pcd_ex.c **** 
  36:Drivers/STM32F0xx_HAL_Driver/Src/stm32f0xx_hal_pcd_ex.c **** #ifdef HAL_PCD_MODULE_ENABLED
  37:Drivers/STM32F0xx_HAL_Driver/Src/stm32f0xx_hal_pcd_ex.c **** 
  38:Drivers/STM32F0xx_HAL_Driver/Src/stm32f0xx_hal_pcd_ex.c **** #if defined (USB)
  39:Drivers/STM32F0xx_HAL_Driver/Src/stm32f0xx_hal_pcd_ex.c **** /* Private types -------------------------------------------------------------*/
  40:Drivers/STM32F0xx_HAL_Driver/Src/stm32f0xx_hal_pcd_ex.c **** /* Private variables ---------------------------------------------------------*/
  41:Drivers/STM32F0xx_HAL_Driver/Src/stm32f0xx_hal_pcd_ex.c **** /* Private constants ---------------------------------------------------------*/
  42:Drivers/STM32F0xx_HAL_Driver/Src/stm32f0xx_hal_pcd_ex.c **** /* Private macros ------------------------------------------------------------*/
  43:Drivers/STM32F0xx_HAL_Driver/Src/stm32f0xx_hal_pcd_ex.c **** /* Private functions ---------------------------------------------------------*/
  44:Drivers/STM32F0xx_HAL_Driver/Src/stm32f0xx_hal_pcd_ex.c **** /* Exported functions --------------------------------------------------------*/
  45:Drivers/STM32F0xx_HAL_Driver/Src/stm32f0xx_hal_pcd_ex.c **** 
  46:Drivers/STM32F0xx_HAL_Driver/Src/stm32f0xx_hal_pcd_ex.c **** /** @defgroup PCDEx_Exported_Functions PCDEx Exported Functions
  47:Drivers/STM32F0xx_HAL_Driver/Src/stm32f0xx_hal_pcd_ex.c ****   * @{
  48:Drivers/STM32F0xx_HAL_Driver/Src/stm32f0xx_hal_pcd_ex.c ****   */
  49:Drivers/STM32F0xx_HAL_Driver/Src/stm32f0xx_hal_pcd_ex.c **** 
  50:Drivers/STM32F0xx_HAL_Driver/Src/stm32f0xx_hal_pcd_ex.c **** /** @defgroup PCDEx_Exported_Functions_Group1 Peripheral Control functions
  51:Drivers/STM32F0xx_HAL_Driver/Src/stm32f0xx_hal_pcd_ex.c ****   * @brief    PCDEx control functions
  52:Drivers/STM32F0xx_HAL_Driver/Src/stm32f0xx_hal_pcd_ex.c ****  *
  53:Drivers/STM32F0xx_HAL_Driver/Src/stm32f0xx_hal_pcd_ex.c **** @verbatim
  54:Drivers/STM32F0xx_HAL_Driver/Src/stm32f0xx_hal_pcd_ex.c ****  ===============================================================================
  55:Drivers/STM32F0xx_HAL_Driver/Src/stm32f0xx_hal_pcd_ex.c ****                  ##### Extended features functions #####
  56:Drivers/STM32F0xx_HAL_Driver/Src/stm32f0xx_hal_pcd_ex.c ****  ===============================================================================
  57:Drivers/STM32F0xx_HAL_Driver/Src/stm32f0xx_hal_pcd_ex.c ****     [..]  This section provides functions allowing to:
  58:Drivers/STM32F0xx_HAL_Driver/Src/stm32f0xx_hal_pcd_ex.c ****       (+) Update FIFO configuration
  59:Drivers/STM32F0xx_HAL_Driver/Src/stm32f0xx_hal_pcd_ex.c **** 
  60:Drivers/STM32F0xx_HAL_Driver/Src/stm32f0xx_hal_pcd_ex.c **** @endverbatim
  61:Drivers/STM32F0xx_HAL_Driver/Src/stm32f0xx_hal_pcd_ex.c ****   * @{
  62:Drivers/STM32F0xx_HAL_Driver/Src/stm32f0xx_hal_pcd_ex.c ****   */
  63:Drivers/STM32F0xx_HAL_Driver/Src/stm32f0xx_hal_pcd_ex.c **** 
  64:Drivers/STM32F0xx_HAL_Driver/Src/stm32f0xx_hal_pcd_ex.c **** /**
  65:Drivers/STM32F0xx_HAL_Driver/Src/stm32f0xx_hal_pcd_ex.c ****   * @brief  Configure PMA for EP
  66:Drivers/STM32F0xx_HAL_Driver/Src/stm32f0xx_hal_pcd_ex.c ****   * @param  hpcd  Device instance
  67:Drivers/STM32F0xx_HAL_Driver/Src/stm32f0xx_hal_pcd_ex.c ****   * @param  ep_addr endpoint address
  68:Drivers/STM32F0xx_HAL_Driver/Src/stm32f0xx_hal_pcd_ex.c ****   * @param  ep_kind endpoint Kind
  69:Drivers/STM32F0xx_HAL_Driver/Src/stm32f0xx_hal_pcd_ex.c ****   *                  USB_SNG_BUF: Single Buffer used
  70:Drivers/STM32F0xx_HAL_Driver/Src/stm32f0xx_hal_pcd_ex.c ****   *                  USB_DBL_BUF: Double Buffer used
  71:Drivers/STM32F0xx_HAL_Driver/Src/stm32f0xx_hal_pcd_ex.c ****   * @param  pmaadress: EP address in The PMA: In case of single buffer endpoint
  72:Drivers/STM32F0xx_HAL_Driver/Src/stm32f0xx_hal_pcd_ex.c ****   *                   this parameter is 16-bit value providing the address
  73:Drivers/STM32F0xx_HAL_Driver/Src/stm32f0xx_hal_pcd_ex.c ****   *                   in PMA allocated to endpoint.
  74:Drivers/STM32F0xx_HAL_Driver/Src/stm32f0xx_hal_pcd_ex.c ****   *                   In case of double buffer endpoint this parameter
  75:Drivers/STM32F0xx_HAL_Driver/Src/stm32f0xx_hal_pcd_ex.c ****   *                   is a 32-bit value providing the endpoint buffer 0 address
  76:Drivers/STM32F0xx_HAL_Driver/Src/stm32f0xx_hal_pcd_ex.c ****   *                   in the LSB part of 32-bit value and endpoint buffer 1 address
  77:Drivers/STM32F0xx_HAL_Driver/Src/stm32f0xx_hal_pcd_ex.c ****   *                   in the MSB part of 32-bit value.
  78:Drivers/STM32F0xx_HAL_Driver/Src/stm32f0xx_hal_pcd_ex.c ****   * @retval HAL status
  79:Drivers/STM32F0xx_HAL_Driver/Src/stm32f0xx_hal_pcd_ex.c ****   */
  80:Drivers/STM32F0xx_HAL_Driver/Src/stm32f0xx_hal_pcd_ex.c **** 
  81:Drivers/STM32F0xx_HAL_Driver/Src/stm32f0xx_hal_pcd_ex.c **** HAL_StatusTypeDef  HAL_PCDEx_PMAConfig(PCD_HandleTypeDef *hpcd,
  82:Drivers/STM32F0xx_HAL_Driver/Src/stm32f0xx_hal_pcd_ex.c ****                                        uint16_t ep_addr,
  83:Drivers/STM32F0xx_HAL_Driver/Src/stm32f0xx_hal_pcd_ex.c ****                                        uint16_t ep_kind,
  84:Drivers/STM32F0xx_HAL_Driver/Src/stm32f0xx_hal_pcd_ex.c ****                                        uint32_t pmaadress)
  85:Drivers/STM32F0xx_HAL_Driver/Src/stm32f0xx_hal_pcd_ex.c **** {
  28              		.loc 1 85 0
  29              		.cfi_startproc
  30              		@ args = 0, pretend = 0, frame = 0
ARM GAS  /tmp/cc58JS5j.s 			page 3


  31              		@ frame_needed = 0, uses_anonymous_args = 0
  32              	.LVL0:
  33 0000 10B5     		push	{r4, lr}
  34              	.LCFI0:
  35              		.cfi_def_cfa_offset 8
  36              		.cfi_offset 4, -8
  37              		.cfi_offset 14, -4
  86:Drivers/STM32F0xx_HAL_Driver/Src/stm32f0xx_hal_pcd_ex.c ****   PCD_EPTypeDef *ep;
  87:Drivers/STM32F0xx_HAL_Driver/Src/stm32f0xx_hal_pcd_ex.c **** 
  88:Drivers/STM32F0xx_HAL_Driver/Src/stm32f0xx_hal_pcd_ex.c ****   /* initialize ep structure*/
  89:Drivers/STM32F0xx_HAL_Driver/Src/stm32f0xx_hal_pcd_ex.c ****   if ((0x80U & ep_addr) == 0x80U)
  38              		.loc 1 89 0
  39 0002 0C06     		lsls	r4, r1, #24
  40 0004 0DD5     		bpl	.L2
  90:Drivers/STM32F0xx_HAL_Driver/Src/stm32f0xx_hal_pcd_ex.c ****   {
  91:Drivers/STM32F0xx_HAL_Driver/Src/stm32f0xx_hal_pcd_ex.c ****     ep = &hpcd->IN_ep[ep_addr & EP_ADDR_MSK];
  41              		.loc 1 91 0
  42 0006 0724     		movs	r4, #7
  43 0008 2140     		ands	r1, r4
  44              	.LVL1:
  45 000a 4901     		lsls	r1, r1, #5
  46 000c 2831     		adds	r1, r1, #40
  47 000e 4118     		adds	r1, r0, r1
  48              	.LVL2:
  92:Drivers/STM32F0xx_HAL_Driver/Src/stm32f0xx_hal_pcd_ex.c ****   }
  93:Drivers/STM32F0xx_HAL_Driver/Src/stm32f0xx_hal_pcd_ex.c ****   else
  94:Drivers/STM32F0xx_HAL_Driver/Src/stm32f0xx_hal_pcd_ex.c ****   {
  95:Drivers/STM32F0xx_HAL_Driver/Src/stm32f0xx_hal_pcd_ex.c ****     ep = &hpcd->OUT_ep[ep_addr];
  96:Drivers/STM32F0xx_HAL_Driver/Src/stm32f0xx_hal_pcd_ex.c ****   }
  97:Drivers/STM32F0xx_HAL_Driver/Src/stm32f0xx_hal_pcd_ex.c **** 
  98:Drivers/STM32F0xx_HAL_Driver/Src/stm32f0xx_hal_pcd_ex.c ****   /* Here we check if the endpoint is single or double Buffer*/
  99:Drivers/STM32F0xx_HAL_Driver/Src/stm32f0xx_hal_pcd_ex.c ****   if (ep_kind == PCD_SNG_BUF)
  49              		.loc 1 99 0
  50 0010 002A     		cmp	r2, #0
  51 0012 0CD0     		beq	.L7
  52              	.L4:
 100:Drivers/STM32F0xx_HAL_Driver/Src/stm32f0xx_hal_pcd_ex.c ****   {
 101:Drivers/STM32F0xx_HAL_Driver/Src/stm32f0xx_hal_pcd_ex.c ****     /* Single Buffer */
 102:Drivers/STM32F0xx_HAL_Driver/Src/stm32f0xx_hal_pcd_ex.c ****     ep->doublebuffer = 0U;
 103:Drivers/STM32F0xx_HAL_Driver/Src/stm32f0xx_hal_pcd_ex.c ****     /* Configure the PMA */
 104:Drivers/STM32F0xx_HAL_Driver/Src/stm32f0xx_hal_pcd_ex.c ****     ep->pmaadress = (uint16_t)pmaadress;
 105:Drivers/STM32F0xx_HAL_Driver/Src/stm32f0xx_hal_pcd_ex.c ****   }
 106:Drivers/STM32F0xx_HAL_Driver/Src/stm32f0xx_hal_pcd_ex.c ****   else /* USB_DBL_BUF */
 107:Drivers/STM32F0xx_HAL_Driver/Src/stm32f0xx_hal_pcd_ex.c ****   {
 108:Drivers/STM32F0xx_HAL_Driver/Src/stm32f0xx_hal_pcd_ex.c ****     /* Double Buffer Endpoint */
 109:Drivers/STM32F0xx_HAL_Driver/Src/stm32f0xx_hal_pcd_ex.c ****     ep->doublebuffer = 1U;
  53              		.loc 1 109 0
  54 0014 0122     		movs	r2, #1
  55              	.LVL3:
 110:Drivers/STM32F0xx_HAL_Driver/Src/stm32f0xx_hal_pcd_ex.c ****     /* Configure the PMA */
 111:Drivers/STM32F0xx_HAL_Driver/Src/stm32f0xx_hal_pcd_ex.c ****     ep->pmaaddr0 = (uint16_t)(pmaadress & 0xFFFFU);
  56              		.loc 1 111 0
  57 0016 0B81     		strh	r3, [r1, #8]
 112:Drivers/STM32F0xx_HAL_Driver/Src/stm32f0xx_hal_pcd_ex.c ****     ep->pmaaddr1 = (uint16_t)((pmaadress & 0xFFFF0000U) >> 16);
  58              		.loc 1 112 0
  59 0018 1B0C     		lsrs	r3, r3, #16
  60              	.LVL4:
ARM GAS  /tmp/cc58JS5j.s 			page 4


 109:Drivers/STM32F0xx_HAL_Driver/Src/stm32f0xx_hal_pcd_ex.c ****     /* Configure the PMA */
  61              		.loc 1 109 0
  62 001a 0A73     		strb	r2, [r1, #12]
  63              		.loc 1 112 0
  64 001c 4B81     		strh	r3, [r1, #10]
  65              	.L5:
 113:Drivers/STM32F0xx_HAL_Driver/Src/stm32f0xx_hal_pcd_ex.c ****   }
 114:Drivers/STM32F0xx_HAL_Driver/Src/stm32f0xx_hal_pcd_ex.c **** 
 115:Drivers/STM32F0xx_HAL_Driver/Src/stm32f0xx_hal_pcd_ex.c ****   return HAL_OK;
 116:Drivers/STM32F0xx_HAL_Driver/Src/stm32f0xx_hal_pcd_ex.c **** }
  66              		.loc 1 116 0
  67 001e 0020     		movs	r0, #0
  68              	.LVL5:
  69              		@ sp needed
  70 0020 10BD     		pop	{r4, pc}
  71              	.LVL6:
  72              	.L2:
  95:Drivers/STM32F0xx_HAL_Driver/Src/stm32f0xx_hal_pcd_ex.c ****   }
  73              		.loc 1 95 0
  74 0022 4901     		lsls	r1, r1, #5
  75              	.LVL7:
  76 0024 2931     		adds	r1, r1, #41
  77 0026 FF31     		adds	r1, r1, #255
  78 0028 4118     		adds	r1, r0, r1
  79              	.LVL8:
  99:Drivers/STM32F0xx_HAL_Driver/Src/stm32f0xx_hal_pcd_ex.c ****   {
  80              		.loc 1 99 0
  81 002a 002A     		cmp	r2, #0
  82 002c F2D1     		bne	.L4
  83              	.L7:
 102:Drivers/STM32F0xx_HAL_Driver/Src/stm32f0xx_hal_pcd_ex.c ****     /* Configure the PMA */
  84              		.loc 1 102 0
  85 002e 0A73     		strb	r2, [r1, #12]
 104:Drivers/STM32F0xx_HAL_Driver/Src/stm32f0xx_hal_pcd_ex.c ****   }
  86              		.loc 1 104 0
  87 0030 CB80     		strh	r3, [r1, #6]
  88 0032 F4E7     		b	.L5
  89              		.cfi_endproc
  90              	.LFE40:
  92              		.section	.text.HAL_PCDEx_ActivateBCD,"ax",%progbits
  93              		.align	2
  94              		.global	HAL_PCDEx_ActivateBCD
  95              		.code	16
  96              		.thumb_func
  98              	HAL_PCDEx_ActivateBCD:
  99              	.LFB41:
 117:Drivers/STM32F0xx_HAL_Driver/Src/stm32f0xx_hal_pcd_ex.c **** 
 118:Drivers/STM32F0xx_HAL_Driver/Src/stm32f0xx_hal_pcd_ex.c **** /**
 119:Drivers/STM32F0xx_HAL_Driver/Src/stm32f0xx_hal_pcd_ex.c ****   * @brief  Activate BatteryCharging feature.
 120:Drivers/STM32F0xx_HAL_Driver/Src/stm32f0xx_hal_pcd_ex.c ****   * @param  hpcd PCD handle
 121:Drivers/STM32F0xx_HAL_Driver/Src/stm32f0xx_hal_pcd_ex.c ****   * @retval HAL status
 122:Drivers/STM32F0xx_HAL_Driver/Src/stm32f0xx_hal_pcd_ex.c ****   */
 123:Drivers/STM32F0xx_HAL_Driver/Src/stm32f0xx_hal_pcd_ex.c **** HAL_StatusTypeDef HAL_PCDEx_ActivateBCD(PCD_HandleTypeDef *hpcd)
 124:Drivers/STM32F0xx_HAL_Driver/Src/stm32f0xx_hal_pcd_ex.c **** {
 100              		.loc 1 124 0
 101              		.cfi_startproc
 102              		@ args = 0, pretend = 0, frame = 0
ARM GAS  /tmp/cc58JS5j.s 			page 5


 103              		@ frame_needed = 0, uses_anonymous_args = 0
 104              		@ link register save eliminated.
 105              	.LVL9:
 125:Drivers/STM32F0xx_HAL_Driver/Src/stm32f0xx_hal_pcd_ex.c ****   USB_TypeDef *USBx = hpcd->Instance;
 126:Drivers/STM32F0xx_HAL_Driver/Src/stm32f0xx_hal_pcd_ex.c ****   hpcd->battery_charging_active = 1U;
 106              		.loc 1 126 0
 107 0000 9B23     		movs	r3, #155
 108 0002 0121     		movs	r1, #1
 109 0004 9B00     		lsls	r3, r3, #2
 125:Drivers/STM32F0xx_HAL_Driver/Src/stm32f0xx_hal_pcd_ex.c ****   USB_TypeDef *USBx = hpcd->Instance;
 110              		.loc 1 125 0
 111 0006 0268     		ldr	r2, [r0]
 112              	.LVL10:
 113              		.loc 1 126 0
 114 0008 C150     		str	r1, [r0, r3]
 127:Drivers/STM32F0xx_HAL_Driver/Src/stm32f0xx_hal_pcd_ex.c **** 
 128:Drivers/STM32F0xx_HAL_Driver/Src/stm32f0xx_hal_pcd_ex.c ****   /* Enable BCD feature */
 129:Drivers/STM32F0xx_HAL_Driver/Src/stm32f0xx_hal_pcd_ex.c ****   USBx->BCDR |= USB_BCDR_BCDEN;
 115              		.loc 1 129 0
 116 000a 5823     		movs	r3, #88
 117 000c D05A     		ldrh	r0, [r2, r3]
 118              	.LVL11:
 130:Drivers/STM32F0xx_HAL_Driver/Src/stm32f0xx_hal_pcd_ex.c **** 
 131:Drivers/STM32F0xx_HAL_Driver/Src/stm32f0xx_hal_pcd_ex.c ****   /* Enable DCD : Data Contact Detect */
 132:Drivers/STM32F0xx_HAL_Driver/Src/stm32f0xx_hal_pcd_ex.c ****   USBx->BCDR &= ~(USB_BCDR_PDEN);
 133:Drivers/STM32F0xx_HAL_Driver/Src/stm32f0xx_hal_pcd_ex.c ****   USBx->BCDR &= ~(USB_BCDR_SDEN);
 134:Drivers/STM32F0xx_HAL_Driver/Src/stm32f0xx_hal_pcd_ex.c ****   USBx->BCDR |= USB_BCDR_DCDEN;
 135:Drivers/STM32F0xx_HAL_Driver/Src/stm32f0xx_hal_pcd_ex.c **** 
 136:Drivers/STM32F0xx_HAL_Driver/Src/stm32f0xx_hal_pcd_ex.c ****   return HAL_OK;
 137:Drivers/STM32F0xx_HAL_Driver/Src/stm32f0xx_hal_pcd_ex.c **** }
 119              		.loc 1 137 0
 120              		@ sp needed
 129:Drivers/STM32F0xx_HAL_Driver/Src/stm32f0xx_hal_pcd_ex.c **** 
 121              		.loc 1 129 0
 122 000e 0143     		orrs	r1, r0
 132:Drivers/STM32F0xx_HAL_Driver/Src/stm32f0xx_hal_pcd_ex.c ****   USBx->BCDR &= ~(USB_BCDR_SDEN);
 123              		.loc 1 132 0
 124 0010 0420     		movs	r0, #4
 129:Drivers/STM32F0xx_HAL_Driver/Src/stm32f0xx_hal_pcd_ex.c **** 
 125              		.loc 1 129 0
 126 0012 D152     		strh	r1, [r2, r3]
 132:Drivers/STM32F0xx_HAL_Driver/Src/stm32f0xx_hal_pcd_ex.c ****   USBx->BCDR &= ~(USB_BCDR_SDEN);
 127              		.loc 1 132 0
 128 0014 D15A     		ldrh	r1, [r2, r3]
 129 0016 8143     		bics	r1, r0
 130 0018 D152     		strh	r1, [r2, r3]
 133:Drivers/STM32F0xx_HAL_Driver/Src/stm32f0xx_hal_pcd_ex.c ****   USBx->BCDR |= USB_BCDR_DCDEN;
 131              		.loc 1 133 0
 132 001a D15A     		ldrh	r1, [r2, r3]
 133 001c 0430     		adds	r0, r0, #4
 134 001e 8143     		bics	r1, r0
 135 0020 D152     		strh	r1, [r2, r3]
 134:Drivers/STM32F0xx_HAL_Driver/Src/stm32f0xx_hal_pcd_ex.c **** 
 136              		.loc 1 134 0
 137 0022 0221     		movs	r1, #2
 138 0024 D05A     		ldrh	r0, [r2, r3]
 139 0026 0143     		orrs	r1, r0
ARM GAS  /tmp/cc58JS5j.s 			page 6


 140 0028 D152     		strh	r1, [r2, r3]
 141              		.loc 1 137 0
 142 002a 0020     		movs	r0, #0
 143 002c 7047     		bx	lr
 144              		.cfi_endproc
 145              	.LFE41:
 147 002e C046     		.section	.text.HAL_PCDEx_DeActivateBCD,"ax",%progbits
 148              		.align	2
 149              		.global	HAL_PCDEx_DeActivateBCD
 150              		.code	16
 151              		.thumb_func
 153              	HAL_PCDEx_DeActivateBCD:
 154              	.LFB42:
 138:Drivers/STM32F0xx_HAL_Driver/Src/stm32f0xx_hal_pcd_ex.c **** 
 139:Drivers/STM32F0xx_HAL_Driver/Src/stm32f0xx_hal_pcd_ex.c **** /**
 140:Drivers/STM32F0xx_HAL_Driver/Src/stm32f0xx_hal_pcd_ex.c ****   * @brief  Deactivate BatteryCharging feature.
 141:Drivers/STM32F0xx_HAL_Driver/Src/stm32f0xx_hal_pcd_ex.c ****   * @param  hpcd PCD handle
 142:Drivers/STM32F0xx_HAL_Driver/Src/stm32f0xx_hal_pcd_ex.c ****   * @retval HAL status
 143:Drivers/STM32F0xx_HAL_Driver/Src/stm32f0xx_hal_pcd_ex.c ****   */
 144:Drivers/STM32F0xx_HAL_Driver/Src/stm32f0xx_hal_pcd_ex.c **** HAL_StatusTypeDef HAL_PCDEx_DeActivateBCD(PCD_HandleTypeDef *hpcd)
 145:Drivers/STM32F0xx_HAL_Driver/Src/stm32f0xx_hal_pcd_ex.c **** {
 155              		.loc 1 145 0
 156              		.cfi_startproc
 157              		@ args = 0, pretend = 0, frame = 0
 158              		@ frame_needed = 0, uses_anonymous_args = 0
 159              		@ link register save eliminated.
 160              	.LVL12:
 146:Drivers/STM32F0xx_HAL_Driver/Src/stm32f0xx_hal_pcd_ex.c ****   USB_TypeDef *USBx = hpcd->Instance;
 147:Drivers/STM32F0xx_HAL_Driver/Src/stm32f0xx_hal_pcd_ex.c ****   hpcd->battery_charging_active = 0U;
 161              		.loc 1 147 0
 162 0000 9B23     		movs	r3, #155
 163 0002 0022     		movs	r2, #0
 164 0004 9B00     		lsls	r3, r3, #2
 146:Drivers/STM32F0xx_HAL_Driver/Src/stm32f0xx_hal_pcd_ex.c ****   USB_TypeDef *USBx = hpcd->Instance;
 165              		.loc 1 146 0
 166 0006 0168     		ldr	r1, [r0]
 167              	.LVL13:
 168              		.loc 1 147 0
 169 0008 C250     		str	r2, [r0, r3]
 148:Drivers/STM32F0xx_HAL_Driver/Src/stm32f0xx_hal_pcd_ex.c **** 
 149:Drivers/STM32F0xx_HAL_Driver/Src/stm32f0xx_hal_pcd_ex.c ****   /* Disable BCD feature */
 150:Drivers/STM32F0xx_HAL_Driver/Src/stm32f0xx_hal_pcd_ex.c ****   USBx->BCDR &= ~(USB_BCDR_BCDEN);
 170              		.loc 1 150 0
 171 000a 0120     		movs	r0, #1
 172              	.LVL14:
 173 000c 5832     		adds	r2, r2, #88
 174 000e 8B5A     		ldrh	r3, [r1, r2]
 151:Drivers/STM32F0xx_HAL_Driver/Src/stm32f0xx_hal_pcd_ex.c **** 
 152:Drivers/STM32F0xx_HAL_Driver/Src/stm32f0xx_hal_pcd_ex.c ****   return HAL_OK;
 153:Drivers/STM32F0xx_HAL_Driver/Src/stm32f0xx_hal_pcd_ex.c **** }
 175              		.loc 1 153 0
 176              		@ sp needed
 150:Drivers/STM32F0xx_HAL_Driver/Src/stm32f0xx_hal_pcd_ex.c **** 
 177              		.loc 1 150 0
 178 0010 8343     		bics	r3, r0
 179 0012 8B52     		strh	r3, [r1, r2]
 180              		.loc 1 153 0
ARM GAS  /tmp/cc58JS5j.s 			page 7


 181 0014 0020     		movs	r0, #0
 182 0016 7047     		bx	lr
 183              		.cfi_endproc
 184              	.LFE42:
 186              		.section	.text.HAL_PCDEx_ActivateLPM,"ax",%progbits
 187              		.align	2
 188              		.global	HAL_PCDEx_ActivateLPM
 189              		.code	16
 190              		.thumb_func
 192              	HAL_PCDEx_ActivateLPM:
 193              	.LFB44:
 154:Drivers/STM32F0xx_HAL_Driver/Src/stm32f0xx_hal_pcd_ex.c **** 
 155:Drivers/STM32F0xx_HAL_Driver/Src/stm32f0xx_hal_pcd_ex.c **** /**
 156:Drivers/STM32F0xx_HAL_Driver/Src/stm32f0xx_hal_pcd_ex.c ****   * @brief  Handle BatteryCharging Process.
 157:Drivers/STM32F0xx_HAL_Driver/Src/stm32f0xx_hal_pcd_ex.c ****   * @param  hpcd PCD handle
 158:Drivers/STM32F0xx_HAL_Driver/Src/stm32f0xx_hal_pcd_ex.c ****   * @retval HAL status
 159:Drivers/STM32F0xx_HAL_Driver/Src/stm32f0xx_hal_pcd_ex.c ****   */
 160:Drivers/STM32F0xx_HAL_Driver/Src/stm32f0xx_hal_pcd_ex.c **** void HAL_PCDEx_BCD_VBUSDetect(PCD_HandleTypeDef *hpcd)
 161:Drivers/STM32F0xx_HAL_Driver/Src/stm32f0xx_hal_pcd_ex.c **** {
 162:Drivers/STM32F0xx_HAL_Driver/Src/stm32f0xx_hal_pcd_ex.c ****   USB_TypeDef *USBx = hpcd->Instance;
 163:Drivers/STM32F0xx_HAL_Driver/Src/stm32f0xx_hal_pcd_ex.c ****   uint32_t tickstart = HAL_GetTick();
 164:Drivers/STM32F0xx_HAL_Driver/Src/stm32f0xx_hal_pcd_ex.c **** 
 165:Drivers/STM32F0xx_HAL_Driver/Src/stm32f0xx_hal_pcd_ex.c ****   /* Wait Detect flag or a timeout is happen*/
 166:Drivers/STM32F0xx_HAL_Driver/Src/stm32f0xx_hal_pcd_ex.c ****   while ((USBx->BCDR & USB_BCDR_DCDET) == 0U)
 167:Drivers/STM32F0xx_HAL_Driver/Src/stm32f0xx_hal_pcd_ex.c ****   {
 168:Drivers/STM32F0xx_HAL_Driver/Src/stm32f0xx_hal_pcd_ex.c ****     /* Check for the Timeout */
 169:Drivers/STM32F0xx_HAL_Driver/Src/stm32f0xx_hal_pcd_ex.c ****     if ((HAL_GetTick() - tickstart) > 1000U)
 170:Drivers/STM32F0xx_HAL_Driver/Src/stm32f0xx_hal_pcd_ex.c ****     {
 171:Drivers/STM32F0xx_HAL_Driver/Src/stm32f0xx_hal_pcd_ex.c **** #if (USE_HAL_PCD_REGISTER_CALLBACKS == 1U)
 172:Drivers/STM32F0xx_HAL_Driver/Src/stm32f0xx_hal_pcd_ex.c ****       hpcd->BCDCallback(hpcd, PCD_BCD_ERROR);
 173:Drivers/STM32F0xx_HAL_Driver/Src/stm32f0xx_hal_pcd_ex.c **** #else
 174:Drivers/STM32F0xx_HAL_Driver/Src/stm32f0xx_hal_pcd_ex.c ****       HAL_PCDEx_BCD_Callback(hpcd, PCD_BCD_ERROR);
 175:Drivers/STM32F0xx_HAL_Driver/Src/stm32f0xx_hal_pcd_ex.c **** #endif /* USE_HAL_PCD_REGISTER_CALLBACKS */
 176:Drivers/STM32F0xx_HAL_Driver/Src/stm32f0xx_hal_pcd_ex.c **** 
 177:Drivers/STM32F0xx_HAL_Driver/Src/stm32f0xx_hal_pcd_ex.c ****       return;
 178:Drivers/STM32F0xx_HAL_Driver/Src/stm32f0xx_hal_pcd_ex.c ****     }
 179:Drivers/STM32F0xx_HAL_Driver/Src/stm32f0xx_hal_pcd_ex.c ****   }
 180:Drivers/STM32F0xx_HAL_Driver/Src/stm32f0xx_hal_pcd_ex.c **** 
 181:Drivers/STM32F0xx_HAL_Driver/Src/stm32f0xx_hal_pcd_ex.c ****   HAL_Delay(200U);
 182:Drivers/STM32F0xx_HAL_Driver/Src/stm32f0xx_hal_pcd_ex.c **** 
 183:Drivers/STM32F0xx_HAL_Driver/Src/stm32f0xx_hal_pcd_ex.c ****   /* Data Pin Contact ? Check Detect flag */
 184:Drivers/STM32F0xx_HAL_Driver/Src/stm32f0xx_hal_pcd_ex.c ****   if ((USBx->BCDR & USB_BCDR_DCDET) == USB_BCDR_DCDET)
 185:Drivers/STM32F0xx_HAL_Driver/Src/stm32f0xx_hal_pcd_ex.c ****   {
 186:Drivers/STM32F0xx_HAL_Driver/Src/stm32f0xx_hal_pcd_ex.c **** #if (USE_HAL_PCD_REGISTER_CALLBACKS == 1U)
 187:Drivers/STM32F0xx_HAL_Driver/Src/stm32f0xx_hal_pcd_ex.c ****     hpcd->BCDCallback(hpcd, PCD_BCD_CONTACT_DETECTION);
 188:Drivers/STM32F0xx_HAL_Driver/Src/stm32f0xx_hal_pcd_ex.c **** #else
 189:Drivers/STM32F0xx_HAL_Driver/Src/stm32f0xx_hal_pcd_ex.c ****     HAL_PCDEx_BCD_Callback(hpcd, PCD_BCD_CONTACT_DETECTION);
 190:Drivers/STM32F0xx_HAL_Driver/Src/stm32f0xx_hal_pcd_ex.c **** #endif /* USE_HAL_PCD_REGISTER_CALLBACKS */
 191:Drivers/STM32F0xx_HAL_Driver/Src/stm32f0xx_hal_pcd_ex.c ****   }
 192:Drivers/STM32F0xx_HAL_Driver/Src/stm32f0xx_hal_pcd_ex.c ****   /* Primary detection: checks if connected to Standard Downstream Port
 193:Drivers/STM32F0xx_HAL_Driver/Src/stm32f0xx_hal_pcd_ex.c ****   (without charging capability) */
 194:Drivers/STM32F0xx_HAL_Driver/Src/stm32f0xx_hal_pcd_ex.c ****   USBx->BCDR &= ~(USB_BCDR_DCDEN);
 195:Drivers/STM32F0xx_HAL_Driver/Src/stm32f0xx_hal_pcd_ex.c ****   HAL_Delay(50U);
 196:Drivers/STM32F0xx_HAL_Driver/Src/stm32f0xx_hal_pcd_ex.c ****   USBx->BCDR |= (USB_BCDR_PDEN);
 197:Drivers/STM32F0xx_HAL_Driver/Src/stm32f0xx_hal_pcd_ex.c ****   HAL_Delay(50U);
 198:Drivers/STM32F0xx_HAL_Driver/Src/stm32f0xx_hal_pcd_ex.c **** 
 199:Drivers/STM32F0xx_HAL_Driver/Src/stm32f0xx_hal_pcd_ex.c ****   /* If Charger detect ? */
ARM GAS  /tmp/cc58JS5j.s 			page 8


 200:Drivers/STM32F0xx_HAL_Driver/Src/stm32f0xx_hal_pcd_ex.c ****   if ((USBx->BCDR & USB_BCDR_PDET) == USB_BCDR_PDET)
 201:Drivers/STM32F0xx_HAL_Driver/Src/stm32f0xx_hal_pcd_ex.c ****   {
 202:Drivers/STM32F0xx_HAL_Driver/Src/stm32f0xx_hal_pcd_ex.c ****     /* Start secondary detection to check connection to Charging Downstream
 203:Drivers/STM32F0xx_HAL_Driver/Src/stm32f0xx_hal_pcd_ex.c ****     Port or Dedicated Charging Port */
 204:Drivers/STM32F0xx_HAL_Driver/Src/stm32f0xx_hal_pcd_ex.c ****     USBx->BCDR &= ~(USB_BCDR_PDEN);
 205:Drivers/STM32F0xx_HAL_Driver/Src/stm32f0xx_hal_pcd_ex.c ****     HAL_Delay(50U);
 206:Drivers/STM32F0xx_HAL_Driver/Src/stm32f0xx_hal_pcd_ex.c ****     USBx->BCDR |= (USB_BCDR_SDEN);
 207:Drivers/STM32F0xx_HAL_Driver/Src/stm32f0xx_hal_pcd_ex.c ****     HAL_Delay(50U);
 208:Drivers/STM32F0xx_HAL_Driver/Src/stm32f0xx_hal_pcd_ex.c **** 
 209:Drivers/STM32F0xx_HAL_Driver/Src/stm32f0xx_hal_pcd_ex.c ****     /* If CDP ? */
 210:Drivers/STM32F0xx_HAL_Driver/Src/stm32f0xx_hal_pcd_ex.c ****     if ((USBx->BCDR & USB_BCDR_SDET) == USB_BCDR_SDET)
 211:Drivers/STM32F0xx_HAL_Driver/Src/stm32f0xx_hal_pcd_ex.c ****     {
 212:Drivers/STM32F0xx_HAL_Driver/Src/stm32f0xx_hal_pcd_ex.c ****       /* Dedicated Downstream Port DCP */
 213:Drivers/STM32F0xx_HAL_Driver/Src/stm32f0xx_hal_pcd_ex.c **** #if (USE_HAL_PCD_REGISTER_CALLBACKS == 1U)
 214:Drivers/STM32F0xx_HAL_Driver/Src/stm32f0xx_hal_pcd_ex.c ****       hpcd->BCDCallback(hpcd, PCD_BCD_DEDICATED_CHARGING_PORT);
 215:Drivers/STM32F0xx_HAL_Driver/Src/stm32f0xx_hal_pcd_ex.c **** #else
 216:Drivers/STM32F0xx_HAL_Driver/Src/stm32f0xx_hal_pcd_ex.c ****       HAL_PCDEx_BCD_Callback(hpcd, PCD_BCD_DEDICATED_CHARGING_PORT);
 217:Drivers/STM32F0xx_HAL_Driver/Src/stm32f0xx_hal_pcd_ex.c **** #endif /* USE_HAL_PCD_REGISTER_CALLBACKS */
 218:Drivers/STM32F0xx_HAL_Driver/Src/stm32f0xx_hal_pcd_ex.c ****     }
 219:Drivers/STM32F0xx_HAL_Driver/Src/stm32f0xx_hal_pcd_ex.c ****     else
 220:Drivers/STM32F0xx_HAL_Driver/Src/stm32f0xx_hal_pcd_ex.c ****     {
 221:Drivers/STM32F0xx_HAL_Driver/Src/stm32f0xx_hal_pcd_ex.c ****       /* Charging Downstream Port CDP */
 222:Drivers/STM32F0xx_HAL_Driver/Src/stm32f0xx_hal_pcd_ex.c **** #if (USE_HAL_PCD_REGISTER_CALLBACKS == 1U)
 223:Drivers/STM32F0xx_HAL_Driver/Src/stm32f0xx_hal_pcd_ex.c ****       hpcd->BCDCallback(hpcd, PCD_BCD_CHARGING_DOWNSTREAM_PORT);
 224:Drivers/STM32F0xx_HAL_Driver/Src/stm32f0xx_hal_pcd_ex.c **** #else
 225:Drivers/STM32F0xx_HAL_Driver/Src/stm32f0xx_hal_pcd_ex.c ****       HAL_PCDEx_BCD_Callback(hpcd, PCD_BCD_CHARGING_DOWNSTREAM_PORT);
 226:Drivers/STM32F0xx_HAL_Driver/Src/stm32f0xx_hal_pcd_ex.c **** #endif /* USE_HAL_PCD_REGISTER_CALLBACKS */
 227:Drivers/STM32F0xx_HAL_Driver/Src/stm32f0xx_hal_pcd_ex.c ****     }
 228:Drivers/STM32F0xx_HAL_Driver/Src/stm32f0xx_hal_pcd_ex.c ****   }
 229:Drivers/STM32F0xx_HAL_Driver/Src/stm32f0xx_hal_pcd_ex.c ****   else /* NO */
 230:Drivers/STM32F0xx_HAL_Driver/Src/stm32f0xx_hal_pcd_ex.c ****   {
 231:Drivers/STM32F0xx_HAL_Driver/Src/stm32f0xx_hal_pcd_ex.c ****     /* Standard Downstream Port */
 232:Drivers/STM32F0xx_HAL_Driver/Src/stm32f0xx_hal_pcd_ex.c **** #if (USE_HAL_PCD_REGISTER_CALLBACKS == 1U)
 233:Drivers/STM32F0xx_HAL_Driver/Src/stm32f0xx_hal_pcd_ex.c ****     hpcd->BCDCallback(hpcd, PCD_BCD_STD_DOWNSTREAM_PORT);
 234:Drivers/STM32F0xx_HAL_Driver/Src/stm32f0xx_hal_pcd_ex.c **** #else
 235:Drivers/STM32F0xx_HAL_Driver/Src/stm32f0xx_hal_pcd_ex.c ****     HAL_PCDEx_BCD_Callback(hpcd, PCD_BCD_STD_DOWNSTREAM_PORT);
 236:Drivers/STM32F0xx_HAL_Driver/Src/stm32f0xx_hal_pcd_ex.c **** #endif /* USE_HAL_PCD_REGISTER_CALLBACKS */
 237:Drivers/STM32F0xx_HAL_Driver/Src/stm32f0xx_hal_pcd_ex.c ****   }
 238:Drivers/STM32F0xx_HAL_Driver/Src/stm32f0xx_hal_pcd_ex.c **** 
 239:Drivers/STM32F0xx_HAL_Driver/Src/stm32f0xx_hal_pcd_ex.c ****   /* Battery Charging capability discovery finished Start Enumeration */
 240:Drivers/STM32F0xx_HAL_Driver/Src/stm32f0xx_hal_pcd_ex.c ****   (void)HAL_PCDEx_DeActivateBCD(hpcd);
 241:Drivers/STM32F0xx_HAL_Driver/Src/stm32f0xx_hal_pcd_ex.c **** #if (USE_HAL_PCD_REGISTER_CALLBACKS == 1U)
 242:Drivers/STM32F0xx_HAL_Driver/Src/stm32f0xx_hal_pcd_ex.c ****   hpcd->BCDCallback(hpcd, PCD_BCD_DISCOVERY_COMPLETED);
 243:Drivers/STM32F0xx_HAL_Driver/Src/stm32f0xx_hal_pcd_ex.c **** #else
 244:Drivers/STM32F0xx_HAL_Driver/Src/stm32f0xx_hal_pcd_ex.c ****   HAL_PCDEx_BCD_Callback(hpcd, PCD_BCD_DISCOVERY_COMPLETED);
 245:Drivers/STM32F0xx_HAL_Driver/Src/stm32f0xx_hal_pcd_ex.c **** #endif /* USE_HAL_PCD_REGISTER_CALLBACKS */
 246:Drivers/STM32F0xx_HAL_Driver/Src/stm32f0xx_hal_pcd_ex.c **** }
 247:Drivers/STM32F0xx_HAL_Driver/Src/stm32f0xx_hal_pcd_ex.c **** 
 248:Drivers/STM32F0xx_HAL_Driver/Src/stm32f0xx_hal_pcd_ex.c **** 
 249:Drivers/STM32F0xx_HAL_Driver/Src/stm32f0xx_hal_pcd_ex.c **** /**
 250:Drivers/STM32F0xx_HAL_Driver/Src/stm32f0xx_hal_pcd_ex.c ****   * @brief  Activate LPM feature.
 251:Drivers/STM32F0xx_HAL_Driver/Src/stm32f0xx_hal_pcd_ex.c ****   * @param  hpcd PCD handle
 252:Drivers/STM32F0xx_HAL_Driver/Src/stm32f0xx_hal_pcd_ex.c ****   * @retval HAL status
 253:Drivers/STM32F0xx_HAL_Driver/Src/stm32f0xx_hal_pcd_ex.c ****   */
 254:Drivers/STM32F0xx_HAL_Driver/Src/stm32f0xx_hal_pcd_ex.c **** HAL_StatusTypeDef HAL_PCDEx_ActivateLPM(PCD_HandleTypeDef *hpcd)
 255:Drivers/STM32F0xx_HAL_Driver/Src/stm32f0xx_hal_pcd_ex.c **** {
 194              		.loc 1 255 0
ARM GAS  /tmp/cc58JS5j.s 			page 9


 195              		.cfi_startproc
 196              		@ args = 0, pretend = 0, frame = 0
 197              		@ frame_needed = 0, uses_anonymous_args = 0
 198              		@ link register save eliminated.
 199              	.LVL15:
 256:Drivers/STM32F0xx_HAL_Driver/Src/stm32f0xx_hal_pcd_ex.c **** 
 257:Drivers/STM32F0xx_HAL_Driver/Src/stm32f0xx_hal_pcd_ex.c ****   USB_TypeDef *USBx = hpcd->Instance;
 258:Drivers/STM32F0xx_HAL_Driver/Src/stm32f0xx_hal_pcd_ex.c ****   hpcd->lpm_active = 1U;
 200              		.loc 1 258 0
 201 0000 9A23     		movs	r3, #154
 202 0002 0121     		movs	r1, #1
 203 0004 9B00     		lsls	r3, r3, #2
 257:Drivers/STM32F0xx_HAL_Driver/Src/stm32f0xx_hal_pcd_ex.c ****   hpcd->lpm_active = 1U;
 204              		.loc 1 257 0
 205 0006 0268     		ldr	r2, [r0]
 206              	.LVL16:
 207              		.loc 1 258 0
 208 0008 C150     		str	r1, [r0, r3]
 259:Drivers/STM32F0xx_HAL_Driver/Src/stm32f0xx_hal_pcd_ex.c ****   hpcd->LPM_State = LPM_L0;
 209              		.loc 1 259 0
 210 000a 0021     		movs	r1, #0
 211 000c 083B     		subs	r3, r3, #8
 212 000e C154     		strb	r1, [r0, r3]
 260:Drivers/STM32F0xx_HAL_Driver/Src/stm32f0xx_hal_pcd_ex.c **** 
 261:Drivers/STM32F0xx_HAL_Driver/Src/stm32f0xx_hal_pcd_ex.c ****   USBx->LPMCSR |= USB_LPMCSR_LMPEN;
 213              		.loc 1 261 0
 214 0010 5423     		movs	r3, #84
 215 0012 D05A     		ldrh	r0, [r2, r3]
 216              	.LVL17:
 217 0014 0131     		adds	r1, r1, #1
 218 0016 0143     		orrs	r1, r0
 219 0018 D152     		strh	r1, [r2, r3]
 262:Drivers/STM32F0xx_HAL_Driver/Src/stm32f0xx_hal_pcd_ex.c ****   USBx->LPMCSR |= USB_LPMCSR_LPMACK;
 220              		.loc 1 262 0
 221 001a 0221     		movs	r1, #2
 222 001c D05A     		ldrh	r0, [r2, r3]
 263:Drivers/STM32F0xx_HAL_Driver/Src/stm32f0xx_hal_pcd_ex.c **** 
 264:Drivers/STM32F0xx_HAL_Driver/Src/stm32f0xx_hal_pcd_ex.c ****   return HAL_OK;
 265:Drivers/STM32F0xx_HAL_Driver/Src/stm32f0xx_hal_pcd_ex.c **** }
 223              		.loc 1 265 0
 224              		@ sp needed
 262:Drivers/STM32F0xx_HAL_Driver/Src/stm32f0xx_hal_pcd_ex.c ****   USBx->LPMCSR |= USB_LPMCSR_LPMACK;
 225              		.loc 1 262 0
 226 001e 0143     		orrs	r1, r0
 227 0020 D152     		strh	r1, [r2, r3]
 228              		.loc 1 265 0
 229 0022 0020     		movs	r0, #0
 230 0024 7047     		bx	lr
 231              		.cfi_endproc
 232              	.LFE44:
 234 0026 C046     		.section	.text.HAL_PCDEx_DeActivateLPM,"ax",%progbits
 235              		.align	2
 236              		.global	HAL_PCDEx_DeActivateLPM
 237              		.code	16
 238              		.thumb_func
 240              	HAL_PCDEx_DeActivateLPM:
 241              	.LFB45:
ARM GAS  /tmp/cc58JS5j.s 			page 10


 266:Drivers/STM32F0xx_HAL_Driver/Src/stm32f0xx_hal_pcd_ex.c **** 
 267:Drivers/STM32F0xx_HAL_Driver/Src/stm32f0xx_hal_pcd_ex.c **** /**
 268:Drivers/STM32F0xx_HAL_Driver/Src/stm32f0xx_hal_pcd_ex.c ****   * @brief  Deactivate LPM feature.
 269:Drivers/STM32F0xx_HAL_Driver/Src/stm32f0xx_hal_pcd_ex.c ****   * @param  hpcd PCD handle
 270:Drivers/STM32F0xx_HAL_Driver/Src/stm32f0xx_hal_pcd_ex.c ****   * @retval HAL status
 271:Drivers/STM32F0xx_HAL_Driver/Src/stm32f0xx_hal_pcd_ex.c ****   */
 272:Drivers/STM32F0xx_HAL_Driver/Src/stm32f0xx_hal_pcd_ex.c **** HAL_StatusTypeDef HAL_PCDEx_DeActivateLPM(PCD_HandleTypeDef *hpcd)
 273:Drivers/STM32F0xx_HAL_Driver/Src/stm32f0xx_hal_pcd_ex.c **** {
 242              		.loc 1 273 0
 243              		.cfi_startproc
 244              		@ args = 0, pretend = 0, frame = 0
 245              		@ frame_needed = 0, uses_anonymous_args = 0
 246              		@ link register save eliminated.
 247              	.LVL18:
 274:Drivers/STM32F0xx_HAL_Driver/Src/stm32f0xx_hal_pcd_ex.c ****   USB_TypeDef *USBx = hpcd->Instance;
 275:Drivers/STM32F0xx_HAL_Driver/Src/stm32f0xx_hal_pcd_ex.c **** 
 276:Drivers/STM32F0xx_HAL_Driver/Src/stm32f0xx_hal_pcd_ex.c ****   hpcd->lpm_active = 0U;
 248              		.loc 1 276 0
 249 0000 9A23     		movs	r3, #154
 250 0002 0021     		movs	r1, #0
 251 0004 9B00     		lsls	r3, r3, #2
 274:Drivers/STM32F0xx_HAL_Driver/Src/stm32f0xx_hal_pcd_ex.c ****   USB_TypeDef *USBx = hpcd->Instance;
 252              		.loc 1 274 0
 253 0006 0268     		ldr	r2, [r0]
 254              	.LVL19:
 255              		.loc 1 276 0
 256 0008 C150     		str	r1, [r0, r3]
 277:Drivers/STM32F0xx_HAL_Driver/Src/stm32f0xx_hal_pcd_ex.c **** 
 278:Drivers/STM32F0xx_HAL_Driver/Src/stm32f0xx_hal_pcd_ex.c ****   USBx->LPMCSR &= ~(USB_LPMCSR_LMPEN);
 257              		.loc 1 278 0
 258 000a 5423     		movs	r3, #84
 259 000c 0120     		movs	r0, #1
 260              	.LVL20:
 261 000e D15A     		ldrh	r1, [r2, r3]
 279:Drivers/STM32F0xx_HAL_Driver/Src/stm32f0xx_hal_pcd_ex.c ****   USBx->LPMCSR &= ~(USB_LPMCSR_LPMACK);
 280:Drivers/STM32F0xx_HAL_Driver/Src/stm32f0xx_hal_pcd_ex.c **** 
 281:Drivers/STM32F0xx_HAL_Driver/Src/stm32f0xx_hal_pcd_ex.c ****   return HAL_OK;
 282:Drivers/STM32F0xx_HAL_Driver/Src/stm32f0xx_hal_pcd_ex.c **** }
 262              		.loc 1 282 0
 263              		@ sp needed
 278:Drivers/STM32F0xx_HAL_Driver/Src/stm32f0xx_hal_pcd_ex.c ****   USBx->LPMCSR &= ~(USB_LPMCSR_LPMACK);
 264              		.loc 1 278 0
 265 0010 8143     		bics	r1, r0
 266 0012 D152     		strh	r1, [r2, r3]
 279:Drivers/STM32F0xx_HAL_Driver/Src/stm32f0xx_hal_pcd_ex.c ****   USBx->LPMCSR &= ~(USB_LPMCSR_LPMACK);
 267              		.loc 1 279 0
 268 0014 D15A     		ldrh	r1, [r2, r3]
 269 0016 0130     		adds	r0, r0, #1
 270 0018 8143     		bics	r1, r0
 271 001a D152     		strh	r1, [r2, r3]
 272              		.loc 1 282 0
 273 001c 0020     		movs	r0, #0
 274 001e 7047     		bx	lr
 275              		.cfi_endproc
 276              	.LFE45:
 278              		.section	.text.HAL_PCDEx_LPM_Callback,"ax",%progbits
 279              		.align	2
ARM GAS  /tmp/cc58JS5j.s 			page 11


 280              		.weak	HAL_PCDEx_LPM_Callback
 281              		.code	16
 282              		.thumb_func
 284              	HAL_PCDEx_LPM_Callback:
 285              	.LFB49:
 286              		.cfi_startproc
 287              		@ args = 0, pretend = 0, frame = 0
 288              		@ frame_needed = 0, uses_anonymous_args = 0
 289              		@ link register save eliminated.
 290              		@ sp needed
 291 0000 7047     		bx	lr
 292              		.cfi_endproc
 293              	.LFE49:
 295 0002 C046     		.section	.text.HAL_PCDEx_BCD_Callback,"ax",%progbits
 296              		.align	2
 297              		.weak	HAL_PCDEx_BCD_Callback
 298              		.code	16
 299              		.thumb_func
 301              	HAL_PCDEx_BCD_Callback:
 302              	.LFB47:
 283:Drivers/STM32F0xx_HAL_Driver/Src/stm32f0xx_hal_pcd_ex.c **** 
 284:Drivers/STM32F0xx_HAL_Driver/Src/stm32f0xx_hal_pcd_ex.c **** 
 285:Drivers/STM32F0xx_HAL_Driver/Src/stm32f0xx_hal_pcd_ex.c **** 
 286:Drivers/STM32F0xx_HAL_Driver/Src/stm32f0xx_hal_pcd_ex.c **** /**
 287:Drivers/STM32F0xx_HAL_Driver/Src/stm32f0xx_hal_pcd_ex.c ****   * @brief  Send LPM message to user layer callback.
 288:Drivers/STM32F0xx_HAL_Driver/Src/stm32f0xx_hal_pcd_ex.c ****   * @param  hpcd PCD handle
 289:Drivers/STM32F0xx_HAL_Driver/Src/stm32f0xx_hal_pcd_ex.c ****   * @param  msg LPM message
 290:Drivers/STM32F0xx_HAL_Driver/Src/stm32f0xx_hal_pcd_ex.c ****   * @retval HAL status
 291:Drivers/STM32F0xx_HAL_Driver/Src/stm32f0xx_hal_pcd_ex.c ****   */
 292:Drivers/STM32F0xx_HAL_Driver/Src/stm32f0xx_hal_pcd_ex.c **** __weak void HAL_PCDEx_LPM_Callback(PCD_HandleTypeDef *hpcd, PCD_LPM_MsgTypeDef msg)
 293:Drivers/STM32F0xx_HAL_Driver/Src/stm32f0xx_hal_pcd_ex.c **** {
 294:Drivers/STM32F0xx_HAL_Driver/Src/stm32f0xx_hal_pcd_ex.c ****   /* Prevent unused argument(s) compilation warning */
 295:Drivers/STM32F0xx_HAL_Driver/Src/stm32f0xx_hal_pcd_ex.c ****   UNUSED(hpcd);
 296:Drivers/STM32F0xx_HAL_Driver/Src/stm32f0xx_hal_pcd_ex.c ****   UNUSED(msg);
 297:Drivers/STM32F0xx_HAL_Driver/Src/stm32f0xx_hal_pcd_ex.c **** 
 298:Drivers/STM32F0xx_HAL_Driver/Src/stm32f0xx_hal_pcd_ex.c ****   /* NOTE : This function should not be modified, when the callback is needed,
 299:Drivers/STM32F0xx_HAL_Driver/Src/stm32f0xx_hal_pcd_ex.c ****             the HAL_PCDEx_LPM_Callback could be implemented in the user file
 300:Drivers/STM32F0xx_HAL_Driver/Src/stm32f0xx_hal_pcd_ex.c ****    */
 301:Drivers/STM32F0xx_HAL_Driver/Src/stm32f0xx_hal_pcd_ex.c **** }
 302:Drivers/STM32F0xx_HAL_Driver/Src/stm32f0xx_hal_pcd_ex.c **** 
 303:Drivers/STM32F0xx_HAL_Driver/Src/stm32f0xx_hal_pcd_ex.c **** /**
 304:Drivers/STM32F0xx_HAL_Driver/Src/stm32f0xx_hal_pcd_ex.c ****   * @brief  Send BatteryCharging message to user layer callback.
 305:Drivers/STM32F0xx_HAL_Driver/Src/stm32f0xx_hal_pcd_ex.c ****   * @param  hpcd PCD handle
 306:Drivers/STM32F0xx_HAL_Driver/Src/stm32f0xx_hal_pcd_ex.c ****   * @param  msg LPM message
 307:Drivers/STM32F0xx_HAL_Driver/Src/stm32f0xx_hal_pcd_ex.c ****   * @retval HAL status
 308:Drivers/STM32F0xx_HAL_Driver/Src/stm32f0xx_hal_pcd_ex.c ****   */
 309:Drivers/STM32F0xx_HAL_Driver/Src/stm32f0xx_hal_pcd_ex.c **** __weak void HAL_PCDEx_BCD_Callback(PCD_HandleTypeDef *hpcd, PCD_BCD_MsgTypeDef msg)
 310:Drivers/STM32F0xx_HAL_Driver/Src/stm32f0xx_hal_pcd_ex.c **** {
 303              		.loc 1 310 0
 304              		.cfi_startproc
 305              		@ args = 0, pretend = 0, frame = 0
 306              		@ frame_needed = 0, uses_anonymous_args = 0
 307              		@ link register save eliminated.
 308              	.LVL21:
 311:Drivers/STM32F0xx_HAL_Driver/Src/stm32f0xx_hal_pcd_ex.c ****   /* Prevent unused argument(s) compilation warning */
 312:Drivers/STM32F0xx_HAL_Driver/Src/stm32f0xx_hal_pcd_ex.c ****   UNUSED(hpcd);
 313:Drivers/STM32F0xx_HAL_Driver/Src/stm32f0xx_hal_pcd_ex.c ****   UNUSED(msg);
ARM GAS  /tmp/cc58JS5j.s 			page 12


 314:Drivers/STM32F0xx_HAL_Driver/Src/stm32f0xx_hal_pcd_ex.c **** 
 315:Drivers/STM32F0xx_HAL_Driver/Src/stm32f0xx_hal_pcd_ex.c ****   /* NOTE : This function should not be modified, when the callback is needed,
 316:Drivers/STM32F0xx_HAL_Driver/Src/stm32f0xx_hal_pcd_ex.c ****             the HAL_PCDEx_BCD_Callback could be implemented in the user file
 317:Drivers/STM32F0xx_HAL_Driver/Src/stm32f0xx_hal_pcd_ex.c ****    */
 318:Drivers/STM32F0xx_HAL_Driver/Src/stm32f0xx_hal_pcd_ex.c **** }
 309              		.loc 1 318 0
 310              		@ sp needed
 311 0000 7047     		bx	lr
 312              		.cfi_endproc
 313              	.LFE47:
 315 0002 C046     		.section	.text.HAL_PCDEx_BCD_VBUSDetect,"ax",%progbits
 316              		.align	2
 317              		.global	HAL_PCDEx_BCD_VBUSDetect
 318              		.code	16
 319              		.thumb_func
 321              	HAL_PCDEx_BCD_VBUSDetect:
 322              	.LFB43:
 161:Drivers/STM32F0xx_HAL_Driver/Src/stm32f0xx_hal_pcd_ex.c ****   USB_TypeDef *USBx = hpcd->Instance;
 323              		.loc 1 161 0
 324              		.cfi_startproc
 325              		@ args = 0, pretend = 0, frame = 0
 326              		@ frame_needed = 0, uses_anonymous_args = 0
 327              	.LVL22:
 328 0000 F0B5     		push	{r4, r5, r6, r7, lr}
 329              	.LCFI1:
 330              		.cfi_def_cfa_offset 20
 331              		.cfi_offset 4, -20
 332              		.cfi_offset 5, -16
 333              		.cfi_offset 6, -12
 334              		.cfi_offset 7, -8
 335              		.cfi_offset 14, -4
 336 0002 4E46     		mov	r6, r9
 337 0004 4546     		mov	r5, r8
 338 0006 5746     		mov	r7, r10
 339 0008 E0B4     		push	{r5, r6, r7}
 340              	.LCFI2:
 341              		.cfi_def_cfa_offset 32
 342              		.cfi_offset 8, -32
 343              		.cfi_offset 9, -28
 344              		.cfi_offset 10, -24
 161:Drivers/STM32F0xx_HAL_Driver/Src/stm32f0xx_hal_pcd_ex.c ****   USB_TypeDef *USBx = hpcd->Instance;
 345              		.loc 1 161 0
 346 000a 8146     		mov	r9, r0
 162:Drivers/STM32F0xx_HAL_Driver/Src/stm32f0xx_hal_pcd_ex.c ****   uint32_t tickstart = HAL_GetTick();
 347              		.loc 1 162 0
 348 000c 0468     		ldr	r4, [r0]
 349              	.LVL23:
 169:Drivers/STM32F0xx_HAL_Driver/Src/stm32f0xx_hal_pcd_ex.c ****     {
 350              		.loc 1 169 0
 351 000e FA27     		movs	r7, #250
 163:Drivers/STM32F0xx_HAL_Driver/Src/stm32f0xx_hal_pcd_ex.c **** 
 352              		.loc 1 163 0
 353 0010 FFF7FEFF 		bl	HAL_GetTick
 354              	.LVL24:
 166:Drivers/STM32F0xx_HAL_Driver/Src/stm32f0xx_hal_pcd_ex.c ****   {
 355              		.loc 1 166 0
 356 0014 5826     		movs	r6, #88
ARM GAS  /tmp/cc58JS5j.s 			page 13


 163:Drivers/STM32F0xx_HAL_Driver/Src/stm32f0xx_hal_pcd_ex.c **** 
 357              		.loc 1 163 0
 358 0016 8046     		mov	r8, r0
 359              	.LVL25:
 166:Drivers/STM32F0xx_HAL_Driver/Src/stm32f0xx_hal_pcd_ex.c ****   {
 360              		.loc 1 166 0
 361 0018 1025     		movs	r5, #16
 169:Drivers/STM32F0xx_HAL_Driver/Src/stm32f0xx_hal_pcd_ex.c ****     {
 362              		.loc 1 169 0
 363 001a BF00     		lsls	r7, r7, #2
 166:Drivers/STM32F0xx_HAL_Driver/Src/stm32f0xx_hal_pcd_ex.c ****   {
 364              		.loc 1 166 0
 365 001c 05E0     		b	.L15
 366              	.LVL26:
 367              	.L17:
 169:Drivers/STM32F0xx_HAL_Driver/Src/stm32f0xx_hal_pcd_ex.c ****     {
 368              		.loc 1 169 0
 369 001e FFF7FEFF 		bl	HAL_GetTick
 370              	.LVL27:
 371 0022 4346     		mov	r3, r8
 372 0024 C01A     		subs	r0, r0, r3
 373 0026 B842     		cmp	r0, r7
 374 0028 4DD8     		bhi	.L26
 375              	.L15:
 166:Drivers/STM32F0xx_HAL_Driver/Src/stm32f0xx_hal_pcd_ex.c ****   {
 376              		.loc 1 166 0
 377 002a 1022     		movs	r2, #16
 378 002c A35B     		ldrh	r3, [r4, r6]
 379 002e 9246     		mov	r10, r2
 380 0030 1D42     		tst	r5, r3
 381 0032 F4D0     		beq	.L17
 181:Drivers/STM32F0xx_HAL_Driver/Src/stm32f0xx_hal_pcd_ex.c **** 
 382              		.loc 1 181 0
 383 0034 C820     		movs	r0, #200
 384 0036 FFF7FEFF 		bl	HAL_Delay
 385              	.LVL28:
 184:Drivers/STM32F0xx_HAL_Driver/Src/stm32f0xx_hal_pcd_ex.c ****   {
 386              		.loc 1 184 0
 387 003a 5823     		movs	r3, #88
 388 003c 5246     		mov	r2, r10
 389 003e E35A     		ldrh	r3, [r4, r3]
 390 0040 1A42     		tst	r2, r3
 391 0042 45D1     		bne	.L27
 392              	.L18:
 194:Drivers/STM32F0xx_HAL_Driver/Src/stm32f0xx_hal_pcd_ex.c ****   HAL_Delay(50U);
 393              		.loc 1 194 0
 394 0044 5825     		movs	r5, #88
 395 0046 0222     		movs	r2, #2
 396 0048 635B     		ldrh	r3, [r4, r5]
 195:Drivers/STM32F0xx_HAL_Driver/Src/stm32f0xx_hal_pcd_ex.c ****   USBx->BCDR |= (USB_BCDR_PDEN);
 397              		.loc 1 195 0
 398 004a 3220     		movs	r0, #50
 194:Drivers/STM32F0xx_HAL_Driver/Src/stm32f0xx_hal_pcd_ex.c ****   HAL_Delay(50U);
 399              		.loc 1 194 0
 400 004c 9343     		bics	r3, r2
 401 004e 6353     		strh	r3, [r4, r5]
 195:Drivers/STM32F0xx_HAL_Driver/Src/stm32f0xx_hal_pcd_ex.c ****   USBx->BCDR |= (USB_BCDR_PDEN);
ARM GAS  /tmp/cc58JS5j.s 			page 14


 402              		.loc 1 195 0
 403 0050 FFF7FEFF 		bl	HAL_Delay
 404              	.LVL29:
 196:Drivers/STM32F0xx_HAL_Driver/Src/stm32f0xx_hal_pcd_ex.c ****   HAL_Delay(50U);
 405              		.loc 1 196 0
 406 0054 0423     		movs	r3, #4
 407 0056 625B     		ldrh	r2, [r4, r5]
 197:Drivers/STM32F0xx_HAL_Driver/Src/stm32f0xx_hal_pcd_ex.c **** 
 408              		.loc 1 197 0
 409 0058 3220     		movs	r0, #50
 196:Drivers/STM32F0xx_HAL_Driver/Src/stm32f0xx_hal_pcd_ex.c ****   HAL_Delay(50U);
 410              		.loc 1 196 0
 411 005a 1343     		orrs	r3, r2
 412 005c 6353     		strh	r3, [r4, r5]
 197:Drivers/STM32F0xx_HAL_Driver/Src/stm32f0xx_hal_pcd_ex.c **** 
 413              		.loc 1 197 0
 414 005e FFF7FEFF 		bl	HAL_Delay
 415              	.LVL30:
 200:Drivers/STM32F0xx_HAL_Driver/Src/stm32f0xx_hal_pcd_ex.c ****   {
 416              		.loc 1 200 0
 417 0062 635B     		ldrh	r3, [r4, r5]
 418 0064 9B06     		lsls	r3, r3, #26
 419 0066 18D4     		bmi	.L28
 235:Drivers/STM32F0xx_HAL_Driver/Src/stm32f0xx_hal_pcd_ex.c **** #endif /* USE_HAL_PCD_REGISTER_CALLBACKS */
 420              		.loc 1 235 0
 421 0068 FD21     		movs	r1, #253
 422 006a 4846     		mov	r0, r9
 423 006c FFF7FEFF 		bl	HAL_PCDEx_BCD_Callback
 424              	.LVL31:
 425              	.L21:
 426              	.LBB4:
 427              	.LBB5:
 146:Drivers/STM32F0xx_HAL_Driver/Src/stm32f0xx_hal_pcd_ex.c ****   hpcd->battery_charging_active = 0U;
 428              		.loc 1 146 0
 429 0070 4B46     		mov	r3, r9
 430 0072 1968     		ldr	r1, [r3]
 431              	.LVL32:
 147:Drivers/STM32F0xx_HAL_Driver/Src/stm32f0xx_hal_pcd_ex.c **** 
 432              		.loc 1 147 0
 433 0074 9B23     		movs	r3, #155
 434 0076 0022     		movs	r2, #0
 435 0078 4846     		mov	r0, r9
 436 007a 9B00     		lsls	r3, r3, #2
 437 007c C250     		str	r2, [r0, r3]
 150:Drivers/STM32F0xx_HAL_Driver/Src/stm32f0xx_hal_pcd_ex.c **** 
 438              		.loc 1 150 0
 439 007e 0120     		movs	r0, #1
 440 0080 5832     		adds	r2, r2, #88
 441 0082 8B5A     		ldrh	r3, [r1, r2]
 442 0084 8343     		bics	r3, r0
 443 0086 8B52     		strh	r3, [r1, r2]
 444              	.LVL33:
 445              	.LBE5:
 446              	.LBE4:
 244:Drivers/STM32F0xx_HAL_Driver/Src/stm32f0xx_hal_pcd_ex.c **** #endif /* USE_HAL_PCD_REGISTER_CALLBACKS */
 447              		.loc 1 244 0
 448 0088 4846     		mov	r0, r9
ARM GAS  /tmp/cc58JS5j.s 			page 15


 449 008a 0021     		movs	r1, #0
 450 008c FFF7FEFF 		bl	HAL_PCDEx_BCD_Callback
 451              	.LVL34:
 452              	.L14:
 246:Drivers/STM32F0xx_HAL_Driver/Src/stm32f0xx_hal_pcd_ex.c **** 
 453              		.loc 1 246 0
 454              		@ sp needed
 455              	.LVL35:
 456              	.LVL36:
 457              	.LVL37:
 458 0090 1CBC     		pop	{r2, r3, r4}
 459 0092 9046     		mov	r8, r2
 460 0094 9946     		mov	r9, r3
 461 0096 A246     		mov	r10, r4
 462 0098 F0BD     		pop	{r4, r5, r6, r7, pc}
 463              	.LVL38:
 464              	.L28:
 204:Drivers/STM32F0xx_HAL_Driver/Src/stm32f0xx_hal_pcd_ex.c ****     HAL_Delay(50U);
 465              		.loc 1 204 0
 466 009a 0422     		movs	r2, #4
 467 009c 635B     		ldrh	r3, [r4, r5]
 205:Drivers/STM32F0xx_HAL_Driver/Src/stm32f0xx_hal_pcd_ex.c ****     USBx->BCDR |= (USB_BCDR_SDEN);
 468              		.loc 1 205 0
 469 009e 3220     		movs	r0, #50
 204:Drivers/STM32F0xx_HAL_Driver/Src/stm32f0xx_hal_pcd_ex.c ****     HAL_Delay(50U);
 470              		.loc 1 204 0
 471 00a0 9343     		bics	r3, r2
 472 00a2 6353     		strh	r3, [r4, r5]
 205:Drivers/STM32F0xx_HAL_Driver/Src/stm32f0xx_hal_pcd_ex.c ****     USBx->BCDR |= (USB_BCDR_SDEN);
 473              		.loc 1 205 0
 474 00a4 FFF7FEFF 		bl	HAL_Delay
 475              	.LVL39:
 206:Drivers/STM32F0xx_HAL_Driver/Src/stm32f0xx_hal_pcd_ex.c ****     HAL_Delay(50U);
 476              		.loc 1 206 0
 477 00a8 0823     		movs	r3, #8
 478 00aa 625B     		ldrh	r2, [r4, r5]
 207:Drivers/STM32F0xx_HAL_Driver/Src/stm32f0xx_hal_pcd_ex.c **** 
 479              		.loc 1 207 0
 480 00ac 3220     		movs	r0, #50
 206:Drivers/STM32F0xx_HAL_Driver/Src/stm32f0xx_hal_pcd_ex.c ****     HAL_Delay(50U);
 481              		.loc 1 206 0
 482 00ae 1343     		orrs	r3, r2
 483 00b0 6353     		strh	r3, [r4, r5]
 207:Drivers/STM32F0xx_HAL_Driver/Src/stm32f0xx_hal_pcd_ex.c **** 
 484              		.loc 1 207 0
 485 00b2 FFF7FEFF 		bl	HAL_Delay
 486              	.LVL40:
 210:Drivers/STM32F0xx_HAL_Driver/Src/stm32f0xx_hal_pcd_ex.c ****     {
 487              		.loc 1 210 0
 488 00b6 635B     		ldrh	r3, [r4, r5]
 489 00b8 5B06     		lsls	r3, r3, #25
 490 00ba 0ED5     		bpl	.L20
 216:Drivers/STM32F0xx_HAL_Driver/Src/stm32f0xx_hal_pcd_ex.c **** #endif /* USE_HAL_PCD_REGISTER_CALLBACKS */
 491              		.loc 1 216 0
 492 00bc FB21     		movs	r1, #251
 493 00be 4846     		mov	r0, r9
 494 00c0 FFF7FEFF 		bl	HAL_PCDEx_BCD_Callback
ARM GAS  /tmp/cc58JS5j.s 			page 16


 495              	.LVL41:
 496 00c4 D4E7     		b	.L21
 497              	.LVL42:
 498              	.L26:
 174:Drivers/STM32F0xx_HAL_Driver/Src/stm32f0xx_hal_pcd_ex.c **** #endif /* USE_HAL_PCD_REGISTER_CALLBACKS */
 499              		.loc 1 174 0
 500 00c6 FF21     		movs	r1, #255
 501 00c8 4846     		mov	r0, r9
 502 00ca FFF7FEFF 		bl	HAL_PCDEx_BCD_Callback
 503              	.LVL43:
 177:Drivers/STM32F0xx_HAL_Driver/Src/stm32f0xx_hal_pcd_ex.c ****     }
 504              		.loc 1 177 0
 505 00ce DFE7     		b	.L14
 506              	.L27:
 189:Drivers/STM32F0xx_HAL_Driver/Src/stm32f0xx_hal_pcd_ex.c **** #endif /* USE_HAL_PCD_REGISTER_CALLBACKS */
 507              		.loc 1 189 0
 508 00d0 FE21     		movs	r1, #254
 509 00d2 4846     		mov	r0, r9
 510 00d4 FFF7FEFF 		bl	HAL_PCDEx_BCD_Callback
 511              	.LVL44:
 512 00d8 B4E7     		b	.L18
 513              	.L20:
 225:Drivers/STM32F0xx_HAL_Driver/Src/stm32f0xx_hal_pcd_ex.c **** #endif /* USE_HAL_PCD_REGISTER_CALLBACKS */
 514              		.loc 1 225 0
 515 00da FC21     		movs	r1, #252
 516 00dc 4846     		mov	r0, r9
 517 00de FFF7FEFF 		bl	HAL_PCDEx_BCD_Callback
 518              	.LVL45:
 519 00e2 C5E7     		b	.L21
 520              		.cfi_endproc
 521              	.LFE43:
 523              		.text
 524              	.Letext0:
 525              		.file 2 "/opt/gcc-arm-none-eabi-5_4-2016q3/arm-none-eabi/include/machine/_default_types.h"
 526              		.file 3 "/opt/gcc-arm-none-eabi-5_4-2016q3/arm-none-eabi/include/sys/_stdint.h"
 527              		.file 4 "Drivers/CMSIS/Device/ST/STM32F0xx/Include/stm32f042x6.h"
 528              		.file 5 "Drivers/STM32F0xx_HAL_Driver/Inc/stm32f0xx_hal_def.h"
 529              		.file 6 "Drivers/STM32F0xx_HAL_Driver/Inc/stm32f0xx_ll_usb.h"
 530              		.file 7 "Drivers/STM32F0xx_HAL_Driver/Inc/stm32f0xx_hal_pcd.h"
 531              		.file 8 "Drivers/STM32F0xx_HAL_Driver/Inc/stm32f0xx_hal.h"
ARM GAS  /tmp/cc58JS5j.s 			page 17


DEFINED SYMBOLS
                            *ABS*:00000000 stm32f0xx_hal_pcd_ex.c
     /tmp/cc58JS5j.s:20     .text.HAL_PCDEx_PMAConfig:00000000 $t
     /tmp/cc58JS5j.s:25     .text.HAL_PCDEx_PMAConfig:00000000 HAL_PCDEx_PMAConfig
     /tmp/cc58JS5j.s:93     .text.HAL_PCDEx_ActivateBCD:00000000 $t
     /tmp/cc58JS5j.s:98     .text.HAL_PCDEx_ActivateBCD:00000000 HAL_PCDEx_ActivateBCD
     /tmp/cc58JS5j.s:148    .text.HAL_PCDEx_DeActivateBCD:00000000 $t
     /tmp/cc58JS5j.s:153    .text.HAL_PCDEx_DeActivateBCD:00000000 HAL_PCDEx_DeActivateBCD
     /tmp/cc58JS5j.s:187    .text.HAL_PCDEx_ActivateLPM:00000000 $t
     /tmp/cc58JS5j.s:192    .text.HAL_PCDEx_ActivateLPM:00000000 HAL_PCDEx_ActivateLPM
     /tmp/cc58JS5j.s:235    .text.HAL_PCDEx_DeActivateLPM:00000000 $t
     /tmp/cc58JS5j.s:240    .text.HAL_PCDEx_DeActivateLPM:00000000 HAL_PCDEx_DeActivateLPM
     /tmp/cc58JS5j.s:279    .text.HAL_PCDEx_LPM_Callback:00000000 $t
     /tmp/cc58JS5j.s:284    .text.HAL_PCDEx_LPM_Callback:00000000 HAL_PCDEx_LPM_Callback
     /tmp/cc58JS5j.s:296    .text.HAL_PCDEx_BCD_Callback:00000000 $t
     /tmp/cc58JS5j.s:301    .text.HAL_PCDEx_BCD_Callback:00000000 HAL_PCDEx_BCD_Callback
     /tmp/cc58JS5j.s:316    .text.HAL_PCDEx_BCD_VBUSDetect:00000000 $t
     /tmp/cc58JS5j.s:321    .text.HAL_PCDEx_BCD_VBUSDetect:00000000 HAL_PCDEx_BCD_VBUSDetect
                     .debug_frame:00000010 $d

UNDEFINED SYMBOLS
HAL_GetTick
HAL_Delay
